Build started 1/6/2014 6:44:11 PM.
     1>Project "C:\Users\Storme\Documents\GitHub\CozFlash\Flash card game\Flash card game\Flash card game.vcxproj" on node 2 (Build target(s)).
     1>ClCompile:
         C:\Program Files (x86)\Microsoft Visual Studio 12.0\VC\bin\CL.exe /c /ZI /nologo /W3 /WX- /sdl /Od /Oy- /D _MBCS /Gm /EHsc /RTC1 /MD /GS /fp:precise /Zc:wchar_t /Zc:forScope /Fo"Debug\\" /Fd"Debug\vc120.pdb" /Gd /TP /analyze- /errorReport:prompt box.cpp button.cpp
         button.cpp
     1>c:\users\storme\documents\github\cozflash\flash card game\flash card game\button.cpp(5): error C2511: 'button::button(int,int,Sprite,std::string)' : overloaded member function not found in 'button'
                 c:\users\storme\documents\github\cozflash\flash card game\flash card game\button.h(5) : see declaration of 'button'
         box.cpp
     1>c:\users\storme\documents\github\cozflash\flash card game\flash card game\box.cpp(26): error C2084: function 'bool Box::compareBoxHor(Box)' already has a body
                 c:\users\storme\documents\github\cozflash\flash card game\flash card game\box.h(10) : see previous definition of 'compareBoxHor'
         Generating Code...
     1>Done Building Project "C:\Users\Storme\Documents\GitHub\CozFlash\Flash card game\Flash card game\Flash card game.vcxproj" (Build target(s)) -- FAILED.

Build FAILED.

Time Elapsed 00:00:01.80
